0 info it worked if it ends with ok
1 verbose cli [ '/usr/local/bin/node', '/usr/local/bin/npm', 'run', 'test' ]
2 info using npm@3.10.3
3 info using node@v4.4.7
4 verbose run-script [ 'pretest', 'test', 'posttest' ]
5 info lifecycle complete-intro-to-react@1.0.0~pretest: complete-intro-to-react@1.0.0
6 silly lifecycle complete-intro-to-react@1.0.0~pretest: no script for pretest, continuing
7 info lifecycle complete-intro-to-react@1.0.0~test: complete-intro-to-react@1.0.0
8 verbose lifecycle complete-intro-to-react@1.0.0~test: unsafe-perm in lifecycle true
9 verbose lifecycle complete-intro-to-react@1.0.0~test: PATH: /usr/local/lib/node_modules/npm/bin/node-gyp-bin:/Users/ellie/Documents/Github Projects/complete-intro-to-react/node_modules/.bin:/usr/local/bin:/usr/local/bin:/usr/bin:/bin:/usr/sbin:/sbin
10 verbose lifecycle complete-intro-to-react@1.0.0~test: CWD: /Users/ellie/Documents/Github Projects/complete-intro-to-react
11 silly lifecycle complete-intro-to-react@1.0.0~test: Args: [ '-c', 'standard' ]
12 silly lifecycle complete-intro-to-react@1.0.0~test: Returned: code: 1  signal: null
13 info lifecycle complete-intro-to-react@1.0.0~test: Failed to exec test script
14 verbose stack Error: complete-intro-to-react@1.0.0 test: `standard`
14 verbose stack Exit status 1
14 verbose stack     at EventEmitter.<anonymous> (/usr/local/lib/node_modules/npm/lib/utils/lifecycle.js:242:16)
14 verbose stack     at emitTwo (events.js:87:13)
14 verbose stack     at EventEmitter.emit (events.js:172:7)
14 verbose stack     at ChildProcess.<anonymous> (/usr/local/lib/node_modules/npm/lib/utils/spawn.js:40:14)
14 verbose stack     at emitTwo (events.js:87:13)
14 verbose stack     at ChildProcess.emit (events.js:172:7)
14 verbose stack     at maybeClose (internal/child_process.js:827:16)
14 verbose stack     at Process.ChildProcess._handle.onexit (internal/child_process.js:211:5)
15 verbose pkgid complete-intro-to-react@1.0.0
16 verbose cwd /Users/ellie/Documents/Github Projects/complete-intro-to-react
17 error Darwin 15.6.0
18 error argv "/usr/local/bin/node" "/usr/local/bin/npm" "run" "test"
19 error node v4.4.7
20 error npm  v3.10.3
21 error code ELIFECYCLE
22 error complete-intro-to-react@1.0.0 test: `standard`
22 error Exit status 1
23 error Failed at the complete-intro-to-react@1.0.0 test script 'standard'.
23 error Make sure you have the latest version of node.js and npm installed.
23 error If you do, this is most likely a problem with the complete-intro-to-react package,
23 error not with npm itself.
23 error Tell the author that this fails on your system:
23 error     standard
23 error You can get information on how to open an issue for this project with:
23 error     npm bugs complete-intro-to-react
23 error Or if that isn't available, you can get their info via:
23 error     npm owner ls complete-intro-to-react
23 error There is likely additional logging output above.
24 verbose exit [ 1, true ]
